<?xml version="1.0" encoding="UTF-8"?>
<testsuite xmlns:xsi="http://www.w3.org/2001/XMLSchema-instance" xsi:noNamespaceSchemaLocation="https://maven.apache.org/surefire/maven-surefire-plugin/xsd/surefire-test-report.xsd" name="com.sapient.carbooking.com.sapient.carbooking.controller.CarBookingRestControllerTest" time="2.213" tests="6" errors="0" skipped="0" failures="0">
  <properties>
[...]
</properties>
  <testcase name="getAllUserDetails" classname="com.sapient.carbooking.com.sapient.carbooking.controller.CarBookingRestControllerTest" time="0.203"/>
  <testcase name="deleteByUserNameWithException" classname="com.sapient.carbooking.com.sapient.carbooking.controller.CarBookingRestControllerTest" time="0.073"/>
  <testcase name="contextLoads" classname="com.sapient.carbooking.com.sapient.carbooking.controller.CarBookingRestControllerTest" time="0.002"/>
  <testcase name="deleteByUserNameWithSuccess" classname="com.sapient.carbooking.com.sapient.carbooking.controller.CarBookingRestControllerTest" time="0.026"/>
  <testcase name="CreateUserDetails" classname="com.sapient.carbooking.com.sapient.carbooking.controller.CarBookingRestControllerTest" time="0.049"/>
  <testcase name="getByUserName" classname="com.sapient.carbooking.com.sapient.carbooking.controller.CarBookingRestControllerTest" time="0.009"/>
</testsuite>